<?xml version="1.0" encoding="UTF-8"?>
<testsuite name="SimpleSearchEngineTest" tests="1" skipped="0" failures="0" errors="0" timestamp="2025-07-03T23:48:38" hostname="MacBook-Air-Artur-2.local" time="0.036">
  <properties/>
  <testcase name="start" classname="SimpleSearchEngineTest" time="0.036"/>
  <system-out><![CDATA[?[1;31m
Start test 1?[0m
Enter number of lines: 
> 1
Enter all lines: 
> John
Enter number of queries: 
> 1
Enter search query: 
> this text will definitely be no match
Found results: 
No matches found
?[1;31m
Start test 2?[0m
Enter number of lines: 
> 3
Enter all lines: 
> john smith smith@gmail.com
> John lock john_lock@somecompany.com
> help me iamaprogrammer@gmail.com
Enter number of queries: 
> 4
Enter search query: 
> john
Found results: 
john smith smith@gmail.com
John lock john_lock@somecompany.com
Enter search query: 
> Somecompany
Found results: 
John lock john_lock@somecompany.com
Enter search query: 
> @
Found results: 
john smith smith@gmail.com
John lock john_lock@somecompany.com
help me iamaprogrammer@gmail.com
Enter search query: 
> this text will definitely be no match
Found results: 
No matches found
]]></system-out>
  <system-err><![CDATA[]]></system-err>
</testsuite>
